<?xml version="1.0" encoding="UTF-8"?>
<beans xmlns="http://www.springframework.org/schema/beans"
	xmlns:xsi="http://www.w3.org/2001/XMLSchema-instance"
	xmlns:context="http://www.springframework.org/schema/context"
	xmlns:p="http://www.springframework.org/schema/p"
	xsi:schemaLocation="http://www.springframework.org/schema/beans http://www.springframework.org/schema/beans/spring-beans-3.2.xsd
		http://www.springframework.org/schema/context http://www.springframework.org/schema/context/spring-context-3.2.xsd">

	<!-- HandlerMapping 설정 -->
	<!-- BeanNameUrlHandlerMapping : client의 요청 URL과 동일한 이름의 Bean을 컨트롤러로 사용하도록 매핑 -->
	
	<!-- 
	<bean class="org.springframework.web.servlet.mvc.annotation.DefaultAnnotationHandlerMapping" p:alwaysUseFullPath="true" />
	<bean class="org.springframework.web.servlet.mvc.annotation.AnnotationMethodHandlerAdapter" />
	 -->
		
	<!--
	<mvc:interceptors>
	<bean class="pack"/>
	<mvc:interceptor>
	<mvc:mapping path="*.do"/>
	<bean class="pack"/>
	</mvc:interceptor>
	</mvc:interceptors>
	 -->
	 
	<context:component-scan base-package="pack" />
	
	<!-- Controller 설정 -->
	
	
	<!-- ViewResolver 설정 -->
	<bean class="org.springframework.web.servlet.view.InternalResourceViewResolver">
		<property name="prefix" value="/"></property>
		<property name="suffix" value=".jsp" />
	</bean>
</beans>
